Product projects
---------------------------------------
C:\Users\maria\Downloads\AppLux-Lens\Lux-Lens.Api\Lux-Lens.Core\Lux-Lens.Core.csproj
C:\Users\maria\Downloads\AppLux-Lens\Lux-Lens.Api\ExampleClient\ExampleClient.csproj
C:\Users\maria\Downloads\AppLux-Lens\Lux-Lens.Api\Lux-Lens.Web\Lux-Lens.Web.csproj
C:\Users\maria\Downloads\AppLux-Lens\Lux-Lens.Api\Lux-Lens.DataAccess\Lux-Lens.DataAccess.csproj
C:\Users\maria\Downloads\AppLux-Lens\Lux-Lens.Api\Lux-Lens.AppServices.Shared\Lux-Lens.AppServices.Shared.csproj
C:\Users\maria\Downloads\AppLux-Lens\Lux-Lens.Api\Lux-Lens.ApplicationServices\Lux-Lens.ApplicationServices.csproj
C:\Users\maria\Downloads\AppLux-Lens\Lux-Lens.Api\LuxLens.Api\LuxLens.Api.csproj


Test projects
---------------------------------------


Invalid projects
---------------------------------------
{none}


Skipped projects
---------------------------------------
{none}


Excluded projects
---------------------------------------
{none}


